Navigating to upgraded report...
Verifying High Tier classes...
High Tier verified.
Verifying System 2 Overlay...
System 2 Verification verified.
Verifying Raw Source Modal...
Raw Source Modal verified.
Navigating to Archive...
Verifying Entity Tags...
Traceback (most recent call last):
  File "/app/verification/verify_market_mayhem_enhanced.py", line 88, in <module>
    verify_market_mayhem_enhanced()
  File "/app/verification/verify_market_mayhem_enhanced.py", line 70, in verify_market_mayhem_enhanced
    expect(us_tag).to_have_attribute("href", "market_mayhem_archive.html?search=US")
  File "/home/jules/.pyenv/versions/3.12.12/lib/python3.12/site-packages/playwright/sync_api/_generated.py", line 19408, in to_have_attribute
    self._sync(
  File "/home/jules/.pyenv/versions/3.12.12/lib/python3.12/site-packages/playwright/_impl/_sync_base.py", line 115, in _sync
    return task.result()
           ^^^^^^^^^^^^^
  File "/home/jules/.pyenv/versions/3.12.12/lib/python3.12/site-packages/playwright/_impl/_assertions.py", line 266, in to_have_attribute
    await self._expect_impl(
  File "/home/jules/.pyenv/versions/3.12.12/lib/python3.12/site-packages/playwright/_impl/_assertions.py", line 85, in _expect_impl
    raise AssertionError(
AssertionError: Locator expected to have attribute 'market_mayhem_archive.html?search=US'
Actual value: None
Error: element(s) not found
Call log:
  - Expect "to_have_attribute" with timeout 5000ms
  - waiting for locator("a.tag").filter(has_text="US").first
